mode: set
D:\New folder (3)\Fourier_Series.go:17.26,18.14 1 1
D:\New folder (3)\Fourier_Series.go:20.23,21.27 1 1
D:\New folder (3)\Fourier_Series.go:25.5,25.25 1 1
D:\New folder (3)\Fourier_Series.go:32.5,32.14 1 1
D:\New folder (3)\Fourier_Series.go:21.27,24.6 1 1
D:\New folder (3)\Fourier_Series.go:25.25,26.22 1 1
D:\New folder (3)\Fourier_Series.go:26.22,27.41 1 1
D:\New folder (3)\Fourier_Series.go:27.41,29.14 1 1
D:\New folder (3)\Fourier_Series.go:35.46,40.25 4 1
D:\New folder (3)\Fourier_Series.go:57.2,58.6 2 1
D:\New folder (3)\Fourier_Series.go:40.25,41.12 1 1
D:\New folder (3)\Fourier_Series.go:44.3,45.7 2 1
D:\New folder (3)\Fourier_Series.go:55.3,55.12 1 1
D:\New folder (3)\Fourier_Series.go:41.12,43.4 1 1
D:\New folder (3)\Fourier_Series.go:45.7,46.13 1 1
D:\New folder (3)\Fourier_Series.go:49.4,51.13 3 1
D:\New folder (3)\Fourier_Series.go:46.13,47.10 1 1
D:\New folder (3)\Fourier_Series.go:51.13,52.10 1 1
D:\New folder (3)\Fourier_Series.go:58.6,59.16 1 1
D:\New folder (3)\Fourier_Series.go:62.3,63.29 2 1
D:\New folder (3)\Fourier_Series.go:72.3,72.15 1 1
D:\New folder (3)\Fourier_Series.go:59.16,61.4 1 1
D:\New folder (3)\Fourier_Series.go:63.29,65.34 2 1
D:\New folder (3)\Fourier_Series.go:65.34,70.5 4 1
D:\New folder (3)\Fourier_Series.go:75.46,77.25 2 1
D:\New folder (3)\Fourier_Series.go:80.2,80.10 1 1
D:\New folder (3)\Fourier_Series.go:77.25,79.3 1 1
D:\New folder (3)\Fourier_Series.go:84.32,105.25 4 1
D:\New folder (3)\Fourier_Series.go:109.3,111.21 2 1
D:\New folder (3)\Fourier_Series.go:128.2,129.26 2 1
D:\New folder (3)\Fourier_Series.go:133.1,133.10 1 1
D:\New folder (3)\Fourier_Series.go:136.1,136.9 1 1
D:\New folder (3)\Fourier_Series.go:105.25,107.3 1 1
D:\New folder (3)\Fourier_Series.go:111.21,113.12 2 1
D:\New folder (3)\Fourier_Series.go:114.2,114.12 1 1
D:\New folder (3)\Fourier_Series.go:113.12,113.19 1 1
D:\New folder (3)\Fourier_Series.go:114.12,116.3 1 1
D:\New folder (3)\Fourier_Series.go:118.34,120.10 1 1
D:\New folder (3)\Fourier_Series.go:121.25,123.10 1 1
D:\New folder (3)\Fourier_Series.go:129.26,132.3 1 1
D:\New folder (3)\Fourier_Series.go:133.10,135.2 1 1
